<?xml version="1.0" encoding="UTF-8"?>
<coverage generated="1617364714">
  <project timestamp="1617364714">
    <file name="/home/runner/work/memoize/memoize/src/Exceptions/UnknownOwnerException.php">
      <class name="TonyBogdanov\Memoize\Exceptions\UnknownOwnerException" namespace="global">
        <metrics complexity="3" methods="0" coveredmethods="0" conditionals="0" coveredconditionals="0" statements="0" coveredstatements="0" elements="0" coveredelements="0"/>
      </class>
      <metrics loc="34" ncloc="22" classes="0" methods="0" coveredmethods="0" conditionals="0" coveredconditionals="0" statements="0" coveredstatements="0" elements="0" coveredelements="0"/>
    </file>
    <file name="/home/runner/work/memoize/memoize/src/Memoize.php">
      <class name="TonyBogdanov\Memoize\Memoize" namespace="global">
        <metrics complexity="17" methods="5" coveredmethods="5" conditionals="0" coveredconditionals="0" statements="36" coveredstatements="36" elements="41" coveredelements="41"/>
      </class>
      <line num="31" type="method" name="owner" visibility="private" complexity="4" crap="4" count="29"/>
      <line num="33" type="stmt" count="29"/>
      <line num="35" type="stmt" count="14"/>
      <line num="39" type="stmt" count="17"/>
      <line num="41" type="stmt" count="16"/>
      <line num="45" type="stmt" count="1"/>
      <line num="49" type="method" name="enable" visibility="public" complexity="1" crap="1" count="1"/>
      <line num="51" type="stmt" count="1"/>
      <line num="53" type="stmt" count="1"/>
      <line num="55" type="method" name="disable" visibility="public" complexity="1" crap="1" count="1"/>
      <line num="57" type="stmt" count="1"/>
      <line num="59" type="stmt" count="1"/>
      <line num="68" type="method" name="memoize" visibility="public" complexity="5" crap="5" count="28"/>
      <line num="70" type="stmt" count="28"/>
      <line num="72" type="stmt" count="1"/>
      <line num="76" type="stmt" count="28"/>
      <line num="78" type="stmt" count="27"/>
      <line num="80" type="stmt" count="26"/>
      <line num="84" type="stmt" count="27"/>
      <line num="86" type="stmt" count="27"/>
      <line num="90" type="stmt" count="27"/>
      <line num="91" type="stmt" count="27"/>
      <line num="93" type="stmt" count="27"/>
      <line num="94" type="stmt" count="27"/>
      <line num="98" type="stmt" count="27"/>
      <line num="106" type="method" name="unmemoize" visibility="public" complexity="6" crap="6" count="17"/>
      <line num="108" type="stmt" count="17"/>
      <line num="110" type="stmt" count="2"/>
      <line num="111" type="stmt" count="2"/>
      <line num="115" type="stmt" count="15"/>
      <line num="117" type="stmt" count="15"/>
      <line num="119" type="stmt" count="1"/>
      <line num="123" type="stmt" count="14"/>
      <line num="125" type="stmt" count="4"/>
      <line num="126" type="stmt" count="4"/>
      <line num="130" type="stmt" count="10"/>
      <line num="132" type="stmt" count="1"/>
      <line num="136" type="stmt" count="9"/>
      <line num="137" type="stmt" count="9"/>
      <line num="139" type="stmt" count="9"/>
      <line num="141" type="stmt" count="9"/>
      <metrics loc="143" ncloc="116" classes="1" methods="5" coveredmethods="5" conditionals="0" coveredconditionals="0" statements="36" coveredstatements="36" elements="41" coveredelements="41"/>
    </file>
    <file name="/home/runner/work/memoize/memoize/src/Traits/MemoizeTrait.php">
      <class name="TonyBogdanov\Memoize\Traits\MemoizeTrait" namespace="global">
        <metrics complexity="4" methods="0" coveredmethods="0" conditionals="0" coveredconditionals="0" statements="0" coveredstatements="0" elements="0" coveredelements="0"/>
      </class>
      <metrics loc="61" ncloc="34" classes="0" methods="0" coveredmethods="0" conditionals="0" coveredconditionals="0" statements="0" coveredstatements="0" elements="0" coveredelements="0"/>
    </file>
    <file name="/home/runner/work/memoize/memoize/src/VoidMarker.php">
      <class name="TonyBogdanov\Memoize\VoidMarker" namespace="global">
        <metrics complexity="2" methods="1" coveredmethods="1" conditionals="0" coveredconditionals="0" statements="3" coveredstatements="3" elements="4" coveredelements="4"/>
      </class>
      <line num="20" type="method" name="get" visibility="public" complexity="2" crap="2" count="16"/>
      <line num="22" type="stmt" count="16"/>
      <line num="24" type="stmt" count="14"/>
      <line num="28" type="stmt" count="16"/>
      <metrics loc="32" ncloc="21" classes="1" methods="1" coveredmethods="1" conditionals="0" coveredconditionals="0" statements="3" coveredstatements="3" elements="4" coveredelements="4"/>
    </file>
    <metrics files="4" loc="270" ncloc="193" classes="2" methods="6" coveredmethods="6" conditionals="0" coveredconditionals="0" statements="39" coveredstatements="39" elements="45" coveredelements="45"/>
  </project>
</coverage>
