<?xml version="1.0" encoding="UTF-8"?>
<coverage generated="1668602443">
  <project timestamp="1668602443">
    <file name="/home/runner/work/memoize/memoize/src/Exceptions/UnknownOwnerException.php">
      <class name="TonyBogdanov\Memoize\Exceptions\UnknownOwnerException" namespace="global">
        <metrics complexity="3" methods="0" coveredmethods="0" conditionals="0" coveredconditionals="0" statements="0" coveredstatements="0" elements="0" coveredelements="0"/>
      </class>
      <metrics loc="34" ncloc="22" classes="0" methods="0" coveredmethods="0" conditionals="0" coveredconditionals="0" statements="0" coveredstatements="0" elements="0" coveredelements="0"/>
    </file>
    <file name="/home/runner/work/memoize/memoize/src/Memoize.php">
      <class name="TonyBogdanov\Memoize\Memoize" namespace="global">
        <metrics complexity="23" methods="6" coveredmethods="6" conditionals="0" coveredconditionals="0" statements="39" coveredstatements="39" elements="45" coveredelements="45"/>
      </class>
      <line num="27" type="method" name="owner" visibility="private" complexity="4" crap="4" count="30"/>
      <line num="28" type="stmt" count="30"/>
      <line num="29" type="stmt" count="14"/>
      <line num="32" type="stmt" count="18"/>
      <line num="33" type="stmt" count="17"/>
      <line num="36" type="stmt" count="1"/>
      <line num="39" type="method" name="enable" visibility="public" complexity="1" crap="1" count="1"/>
      <line num="40" type="stmt" count="1"/>
      <line num="43" type="method" name="disable" visibility="public" complexity="1" crap="1" count="2"/>
      <line num="44" type="stmt" count="2"/>
      <line num="52" type="method" name="isMemoized" visibility="public" complexity="6" crap="6" count="27"/>
      <line num="53" type="stmt" count="27"/>
      <line num="54" type="stmt" count="2"/>
      <line num="57" type="stmt" count="25"/>
      <line num="58" type="stmt" count="24"/>
      <line num="59" type="stmt" count="24"/>
      <line num="62" type="stmt" count="23"/>
      <line num="72" type="method" name="memoize" visibility="public" complexity="5" crap="5" count="28"/>
      <line num="73" type="stmt" count="28"/>
      <line num="74" type="stmt" count="1"/>
      <line num="77" type="stmt" count="28"/>
      <line num="78" type="stmt" count="28"/>
      <line num="79" type="stmt" count="27"/>
      <line num="82" type="stmt" count="28"/>
      <line num="83" type="stmt" count="28"/>
      <line num="86" type="stmt" count="28"/>
      <line num="87" type="stmt" count="28"/>
      <line num="88" type="stmt" count="28"/>
      <line num="89" type="stmt" count="28"/>
      <line num="92" type="stmt" count="28"/>
      <line num="99" type="method" name="unmemoize" visibility="public" complexity="6" crap="6" count="17"/>
      <line num="100" type="stmt" count="17"/>
      <line num="101" type="stmt" count="2"/>
      <line num="102" type="stmt" count="2"/>
      <line num="105" type="stmt" count="15"/>
      <line num="106" type="stmt" count="15"/>
      <line num="107" type="stmt" count="1"/>
      <line num="110" type="stmt" count="14"/>
      <line num="111" type="stmt" count="4"/>
      <line num="112" type="stmt" count="4"/>
      <line num="115" type="stmt" count="10"/>
      <line num="116" type="stmt" count="1"/>
      <line num="119" type="stmt" count="9"/>
      <line num="120" type="stmt" count="9"/>
      <line num="122" type="stmt" count="9"/>
      <metrics loc="126" ncloc="98" classes="1" methods="6" coveredmethods="6" conditionals="0" coveredconditionals="0" statements="39" coveredstatements="39" elements="45" coveredelements="45"/>
    </file>
    <file name="/home/runner/work/memoize/memoize/src/Traits/MemoizeTrait.php">
      <class name="TonyBogdanov\Memoize\Traits\MemoizeTrait" namespace="global">
        <metrics complexity="12" methods="0" coveredmethods="0" conditionals="0" coveredconditionals="0" statements="0" coveredstatements="0" elements="0" coveredelements="0"/>
      </class>
      <metrics loc="125" ncloc="60" classes="0" methods="0" coveredmethods="0" conditionals="0" coveredconditionals="0" statements="0" coveredstatements="0" elements="0" coveredelements="0"/>
    </file>
    <file name="/home/runner/work/memoize/memoize/src/VoidMarker.php">
      <class name="TonyBogdanov\Memoize\VoidMarker" namespace="global">
        <metrics complexity="2" methods="1" coveredmethods="1" conditionals="0" coveredconditionals="0" statements="3" coveredstatements="3" elements="4" coveredelements="4"/>
      </class>
      <line num="18" type="method" name="get" visibility="public" complexity="2" crap="2" count="17"/>
      <line num="19" type="stmt" count="17"/>
      <line num="20" type="stmt" count="15"/>
      <line num="23" type="stmt" count="17"/>
      <metrics loc="27" ncloc="18" classes="1" methods="1" coveredmethods="1" conditionals="0" coveredconditionals="0" statements="3" coveredstatements="3" elements="4" coveredelements="4"/>
    </file>
    <metrics files="4" loc="312" ncloc="198" classes="2" methods="7" coveredmethods="7" conditionals="0" coveredconditionals="0" statements="42" coveredstatements="42" elements="49" coveredelements="49"/>
  </project>
</coverage>
